🤖 开始Polymarket投资建议服务...
📡 获取Polymarket数据
⏰ 每5分钟生成报告
💡 按Ctrl+C停止服务
================================================================================
POLYMARKET 投资建议 - 2026-02-02 16:05:25
================================================================================
📈 事件: Will Trump deport 250,000-500,000 people?
📍 条件ID (合约地址): 0x49686d26fb712515cd5e12c23f0a1c7e10214c7faa3cb0a730aabe0c33694082
💡 推荐: 强烈买入
🎯 结果: Yes (概率: 92.10%)
📊 市场数据:
   • 交易量: $1,189,664.75
   • 流动性: $5,291.16
   • 市场slug: will-trump-deport-250000-500000-people
   • 分析: 高交易量, 高流动性, 价格偏差明显
--------------------------------------------------------------------------------
📈 事件: Will Trump deport less than 250,000?
📍 条件ID (合约地址): 0xaf9d0e448129a9f657f851d49495ba4742055d80e0ef1166ba0ee81d4d594214
💡 推荐: 强烈买入
🎯 结果: No (概率: 97.70%)
📊 市场数据:
   • 交易量: $1,027,778.44
   • 流动性: $14,501.75
   • 市场slug: will-trump-deport-less-than-250000
   • 分析: 高交易量, 高流动性, 价格偏差明显
--------------------------------------------------------------------------------
📈 事件: Will Trump deport 750,000 or more people in 2025?
📍 条件ID (合约地址): 0x22ac5f75af18fdb453497fbf7ac0606a09a6fd55b78b2d08aace6b946ad62038
💡 推荐: 强烈买入
🎯 结果: No (概率: 89.90%)
📊 市场数据:
   • 交易量: $736,382.71
   • 流动性: $2,299.08
   • 市场slug: will-trump-deport-750000-or-more-people-in-2025
   • 分析: 高交易量, 高流动性, 价格偏差明显
--------------------------------------------------------------------------------
📈 事件: Will Trump deport 500,000-750,000- people?
📍 条件ID (合约地址): 0x2393ed0b0fdc450054c7b9071907eca75cf4fc36e385adf4a0a5f99ee62243e8
💡 推荐: 强烈买入
🎯 结果: No (概率: 96.40%)
📊 市场数据:
   • 交易量: $468,637.28
   • 流动性: $2,966.56
   • 市场slug: will-trump-deport-500000-750000-people
   • 分析: 高交易量, 高流动性, 价格偏差明显
--------------------------------------------------------------------------------
📈 事件: Will Trump deport 750,000-1,000,000 people?
📍 条件ID (合约地址): 0x44f08744458b8896620cd3330bc5e1ea69df4199b02d4fc583b3fc96e5d314ce
💡 推荐: 强烈买入
🎯 结果: No (概率: 99.25%)
📊 市场数据:
   • 交易量: $448,291.11
   • 流动性: $6,224.69
   • 市场slug: will-trump-deport-750000-1000000-people
   • 分析: 高交易量, 高流动性, 价格偏差明显
--------------------------------------------------------------------------------
